This is pdfTeX, Version 3.14159265-2.6-1.40.20 (TeX Live 2019) (preloaded format=pdflatex 2019.5.15)  10 DEC 2023 13:15
entering extended mode
 restricted \write18 enabled.
 file:line:error style messages enabled.
 %&-line parsing enabled.
**lists.tex
(./lists.tex
LaTeX2e <2018-12-01>
./lists.tex:2: Undefined control sequence.
l.2 \ifdefmacro
               {\microtypesetup}{\microtypesetup{protrusion=false}}{} % не...

? 
./lists.tex:2: Emergency stop.
l.2 \ifdefmacro
               {\microtypesetup}{\microtypesetup{protrusion=false}}{} % не...
End of file on the terminal!

 
Here is how much of TeX's memory you used:
 5 strings out of 492616
 119 string characters out of 6129481
 57124 words of memory out of 5000000
 4025 multiletter control sequences out of 15000+600000
 3640 words of font info for 14 fonts, out of 8000000 for 9000
 1141 hyphenation exceptions out of 8191
 7i,0n,2p,244b,14s stack positions out of 5000i,500n,10000p,200000b,80000s
./lists.tex:2:  ==> Fatal error occurred, no output PDF file produced!
