This is pdfTeX, Version 3.14159265-2.6-1.40.20 (TeX Live 2019) (preloaded format=pdflatex 2019.5.15)  10 DEC 2023 13:16
entering extended mode
 restricted \write18 enabled.
 file:line:error style messages enabled.
 %&-line parsing enabled.
**userpackages.tex
(./userpackages.tex
LaTeX2e <2018-12-01>

./userpackages.tex:1: LaTeX Error: \usepackage before \documentclass.

See the LaTeX manual or LaTeX Companion for explanation.
Type  H <return>  for immediate help.
 ...                                              
                                                  
l.1 \usepackage{
                fr-longtable}    %ради \endlasthead
? 
./userpackages.tex:1: Emergency stop.
 ...                                              
                                                  
l.1 \usepackage{
                fr-longtable}    %ради \endlasthead
\usepackage may only appear in the document preamble, i.e.,
between \documentclass and \begin{document}.

 
Here is how much of TeX's memory you used:
 6 strings out of 492616
 289 string characters out of 6129481
 57595 words of memory out of 5000000
 4025 multiletter control sequences out of 15000+600000
 3640 words of font info for 14 fonts, out of 8000000 for 9000
 1141 hyphenation exceptions out of 8191
 5i,0n,5p,70b,14s stack positions out of 5000i,500n,10000p,200000b,80000s
./userpackages.tex:1:  ==> Fatal error occurred, no output PDF file produced!
