This is pdfTeX, Version 3.141592653-2.6-1.40.26 (TeX Live 2024) (preloaded format=pdflatex 2025.2.12)  22 APR 2025 16:08
entering extended mode
 restricted \write18 enabled.
 %&-line parsing enabled.
**characteristic.tex
(./characteristic.tex
LaTeX2e <2024-11-01> patch level 2
L3 programming layer <2025-01-18>

! LaTeX Error: Unicode character –î (U+0414)
               not set up for use with LaTeX.

See the LaTeX manual or LaTeX Companion for explanation.
Type  H <return>  for immediate help.
 ...                                              
                                                  
l.1 \par –î
           –∞–Ω–Ω–∞—è —Ä–∞–±–æ—Ç–∞ –ø–æ—Å–≤—è—â–µ–Ω–∞ –∏—Å—Å–ª–µ–¥–æ–≤–∞–Ω–∏...

You may provide a definition with
\DeclareUnicodeCharacter 


! LaTeX Error: Unicode character –∞ (U+0430)
               not set up for use with LaTeX.

See the LaTeX manual or LaTeX Companion for explanation.
Type  H <return>  for immediate help.
 ...                                              
                                                  
l.1 \par –î–∞
             –Ω–Ω–∞—è —Ä–∞–±–æ—Ç–∞ –ø–æ—Å–≤—è—â–µ–Ω–∞ –∏—Å—Å–ª–µ–¥–æ–≤–∞–Ω–∏...

You may provide a definition with
\DeclareUnicodeCharacter 


! LaTeX Error: Unicode character –Ω (U+043D)
               not set up for use with LaTeX.

See the LaTeX manual or LaTeX Companion for explanation.
Type  H <return>  for immediate help.
 ...                                              
                                                  
l.1 \par –î–∞–Ω
               –Ω–∞—è —Ä–∞–±–æ—Ç–∞ –ø–æ—Å–≤—è—â–µ–Ω–∞ –∏—Å—Å–ª–µ–¥–æ–≤–∞–Ω–∏...

You may provide a definition with
\DeclareUnicodeCharacter 


! LaTeX Error: Unicode character –Ω (U+043D)
               not set up for use with LaTeX.

See the LaTeX manual or LaTeX Companion for explanation.
Type  H <return>  for immediate help.
 ...                                              
                                                  
l.1 \par –î–∞–Ω–Ω
                 –∞—è —Ä–∞–±–æ—Ç–∞ –ø–æ—Å–≤—è—â–µ–Ω–∞ –∏—Å—Å–ª–µ–¥–æ–≤–∞–Ω–∏...

You may provide a definition with
\DeclareUnicodeCharacter 


! LaTeX Error: Unicode character –∞ (U+0430)
               not set up for use with LaTeX.

See the LaTeX manual or LaTeX Companion for explanation.
Type  H <return>  for immediate help.
 ...                                              
                                                  
l.1 \par –î–∞–Ω–Ω–∞
                   —è —Ä–∞–±–æ—Ç–∞ –ø–æ—Å–≤—è—â–µ–Ω–∞ –∏—Å—Å–ª–µ–¥–æ–≤–∞–Ω–∏...

You may provide a definition with
\DeclareUnicodeCharacter 


! LaTeX Error: Unicode character —è (U+044F)
               not set up for use with LaTeX.

See the LaTeX manual or LaTeX Companion for explanation.
Type  H <return>  for immediate help.
 ...                                              
                                                  
l.1 \par –î–∞–Ω–Ω–∞—è
                      —Ä–∞–±–æ—Ç–∞ –ø–æ—Å–≤—è—â–µ–Ω–∞ –∏—Å—Å–ª–µ–¥–æ–≤–∞–Ω–∏...

You may provide a definition with
\DeclareUnicodeCharacter 


! LaTeX Error: Unicode character —Ä (U+0440)
               not set up for use with LaTeX.

See the LaTeX manual or LaTeX Companion for explanation.
Type  H <return>  for immediate help.
 ...                                              
                                                  
l.1 \par –î–∞–Ω–Ω–∞—è —Ä
                        –∞–±–æ—Ç–∞ –ø–æ—Å–≤—è—â–µ–Ω–∞ –∏—Å—Å–ª–µ–¥–æ–≤–∞–Ω–∏...

You may provide a definition with
\DeclareUnicodeCharacter 


! LaTeX Error: Unicode character –∞ (U+0430)
               not set up for use with LaTeX.

See the LaTeX manual or LaTeX Companion for explanation.
Type  H <return>  for immediate help.
 ...                                              
                                                  
l.1 \par –î–∞–Ω–Ω–∞—è —Ä–∞
                          –±–æ—Ç–∞ –ø–æ—Å–≤—è—â–µ–Ω–∞ –∏—Å—Å–ª–µ–¥–æ–≤–∞–Ω–∏...

You may provide a definition with
\DeclareUnicodeCharacter 


! LaTeX Error: Unicode character –± (U+0431)
               not set up for use with LaTeX.

See the LaTeX manual or LaTeX Companion for explanation.
Type  H <return>  for immediate help.
 ...                                              
                                                  
l.1 \par –î–∞–Ω–Ω–∞—è —Ä–∞–±
                            –æ—Ç–∞ –ø–æ—Å–≤—è—â–µ–Ω–∞ –∏—Å—Å–ª–µ–¥–æ–≤–∞–Ω–∏...

You may provide a definition with
\DeclareUnicodeCharacter 


! LaTeX Error: Unicode character –æ (U+043E)
               not set up for use with LaTeX.

See the LaTeX manual or LaTeX Companion for explanation.
Type  H <return>  for immediate help.
 ...                                              
                                                  
l.1 \par –î–∞–Ω–Ω–∞—è —Ä–∞–±–æ
                              —Ç–∞ –ø–æ—Å–≤—è—â–µ–Ω–∞ –∏—Å—Å–ª–µ–¥–æ–≤–∞–Ω–∏...

You may provide a definition with
\DeclareUnicodeCharacter 


! LaTeX Error: Unicode character —Ç (U+0442)
               not set up for use with LaTeX.

See the LaTeX manual or LaTeX Companion for explanation.
Type  H <return>  for immediate help.
 ...                                              
                                                  
l.1 \par –î–∞–Ω–Ω–∞—è —Ä–∞–±–æ—Ç
                                –∞ –ø–æ—Å–≤—è—â–µ–Ω–∞ –∏—Å—Å–ª–µ–¥–æ–≤–∞–Ω–∏...

You may provide a definition with
\DeclareUnicodeCharacter 


! LaTeX Error: Unicode character –∞ (U+0430)
               not set up for use with LaTeX.

See the LaTeX manual or LaTeX Companion for explanation.
Type  H <return>  for immediate help.
 ...                                              
                                                  
l.1 \par –î–∞–Ω–Ω–∞—è —Ä–∞–±–æ—Ç–∞
                                   –ø–æ—Å–≤—è—â–µ–Ω–∞ –∏—Å—Å–ª–µ–¥–æ–≤–∞–Ω–∏...

You may provide a definition with
\DeclareUnicodeCharacter 


! LaTeX Error: Unicode character –ø (U+043F)
               not set up for use with LaTeX.

See the LaTeX manual or LaTeX Companion for explanation.
Type  H <return>  for immediate help.
 ...                                              
                                                  
l.1 \par –î–∞–Ω–Ω–∞—è —Ä–∞–±–æ—Ç–∞ –ø
                                     –æ—Å–≤—è—â–µ–Ω–∞ –∏—Å—Å–ª–µ–¥–æ–≤–∞–Ω–∏...

You may provide a definition with
\DeclareUnicodeCharacter 


! LaTeX Error: Unicode character –æ (U+043E)
               not set up for use with LaTeX.

See the LaTeX manual or LaTeX Companion for explanation.
Type  H <return>  for immediate help.
 ...                                              
                                                  
l.1 \par –î–∞–Ω–Ω–∞—è —Ä–∞–±–æ—Ç–∞ –ø–æ
                                       —Å–≤—è—â–µ–Ω–∞ –∏—Å—Å–ª–µ–¥–æ–≤–∞–Ω–∏...

You may provide a definition with
\DeclareUnicodeCharacter 


! LaTeX Error: Unicode character —Å (U+0441)
               not set up for use with LaTeX.

See the LaTeX manual or LaTeX Companion for explanation.
Type  H <return>  for immediate help.
 ...                                              
                                                  
l.1 \par –î–∞–Ω–Ω–∞—è —Ä–∞–±–æ—Ç–∞ –ø–æ—Å
                                         –≤—è—â–µ–Ω–∞ –∏—Å—Å–ª–µ–¥–æ–≤–∞–Ω–∏...

You may provide a definition with
\DeclareUnicodeCharacter 


! LaTeX Error: Unicode character –≤ (U+0432)
               not set up for use with LaTeX.

See the LaTeX manual or LaTeX Companion for explanation.
Type  H <return>  for immediate help.
 ...                                              
                                                  
l.1 \par –î–∞–Ω–Ω–∞—è —Ä–∞–±–æ—Ç–∞ –ø–æ—Å–≤
                                           —è—â–µ–Ω–∞ –∏—Å—Å–ª–µ–¥–æ–≤–∞–Ω–∏...

You may provide a definition with
\DeclareUnicodeCharacter 


! LaTeX Error: Unicode character —è (U+044F)
               not set up for use with LaTeX.

See the LaTeX manual or LaTeX Companion for explanation.
Type  H <return>  for immediate help.
 ...                                              
                                                  
l.1 \par –î–∞–Ω–Ω–∞—è —Ä–∞–±–æ—Ç–∞ –ø–æ—Å–≤—è
                                             —â–µ–Ω–∞ –∏—Å—Å–ª–µ–¥–æ–≤–∞–Ω–∏...

You may provide a definition with
\DeclareUnicodeCharacter 


! LaTeX Error: Unicode character —â (U+0449)
               not set up for use with LaTeX.

See the LaTeX manual or LaTeX Companion for explanation.
Type  H <return>  for immediate help.
 ...                                              
                                                  
l.1 \par –î–∞–Ω–Ω–∞—è —Ä–∞–±–æ—Ç–∞ –ø–æ—Å–≤—è—â
                                               –µ–Ω–∞ –∏—Å—Å–ª–µ–¥–æ–≤–∞–Ω–∏...

You may provide a definition with
\DeclareUnicodeCharacter 


! LaTeX Error: Unicode character –µ (U+0435)
               not set up for use with LaTeX.

See the LaTeX manual or LaTeX Companion for explanation.
Type  H <return>  for immediate help.
 ...                                              
                                                  
l.1 \par –î–∞–Ω–Ω–∞—è —Ä–∞–±–æ—Ç–∞ –ø–æ—Å–≤—è—â–µ
                                                 –Ω–∞ –∏—Å—Å–ª–µ–¥–æ–≤–∞–Ω–∏...

You may provide a definition with
\DeclareUnicodeCharacter 


! LaTeX Error: Unicode character –Ω (U+043D)
               not set up for use with LaTeX.

See the LaTeX manual or LaTeX Companion for explanation.
Type  H <return>  for immediate help.
 ...                                              
                                                  
l.1 ... –î–∞–Ω–Ω–∞—è —Ä–∞–±–æ—Ç–∞ –ø–æ—Å–≤—è—â–µ–Ω
                                                  –∞ –∏—Å—Å–ª–µ–¥–æ–≤–∞–Ω–∏—...

You may provide a definition with
\DeclareUnicodeCharacter 


! LaTeX Error: Unicode character –∞ (U+0430)
               not set up for use with LaTeX.

See the LaTeX manual or LaTeX Companion for explanation.
Type  H <return>  for immediate help.
 ...                                              
                                                  
l.1 ...î–∞–Ω–Ω–∞—è —Ä–∞–±–æ—Ç–∞ –ø–æ—Å–≤—è—â–µ–Ω–∞
                                                   –∏—Å—Å–ª–µ–¥–æ–≤–∞–Ω–∏—é ...

You may provide a definition with
\DeclareUnicodeCharacter 


! LaTeX Error: Unicode character –∏ (U+0438)
               not set up for use with LaTeX.

See the LaTeX manual or LaTeX Companion for explanation.
Type  H <return>  for immediate help.
 ...                                              
                                                  
l.1 ...–Ω–Ω–∞—è —Ä–∞–±–æ—Ç–∞ –ø–æ—Å–≤—è—â–µ–Ω–∞ –∏
                                                  —Å—Å–ª–µ–¥–æ–≤–∞–Ω–∏—é —Å—...

You may provide a definition with
\DeclareUnicodeCharacter 


! LaTeX Error: Unicode character —Å (U+0441)
               not set up for use with LaTeX.

See the LaTeX manual or LaTeX Companion for explanation.
Type  H <return>  for immediate help.
 ...                                              
                                                  
l.1 ...–Ω–∞—è —Ä–∞–±–æ—Ç–∞ –ø–æ—Å–≤—è—â–µ–Ω–∞ –∏—Å
                                                  —Å–ª–µ–¥–æ–≤–∞–Ω–∏—é —Å—Ç–...

You may provide a definition with
\DeclareUnicodeCharacter 


! LaTeX Error: Unicode character —Å (U+0441)
               not set up for use with LaTeX.

See the LaTeX manual or LaTeX Companion for explanation.
Type  H <return>  for immediate help.
 ...                                              
                                                  
l.1 ...–∞—è —Ä–∞–±–æ—Ç–∞ –ø–æ—Å–≤—è—â–µ–Ω–∞ –∏—Å—Å
                                                  –ª–µ–¥–æ–≤–∞–Ω–∏—é —Å—Ç–∞–...

You may provide a definition with
\DeclareUnicodeCharacter 


! LaTeX Error: Unicode character –ª (U+043B)
               not set up for use with LaTeX.

See the LaTeX manual or LaTeX Companion for explanation.
Type  H <return>  for immediate help.
 ...                                              
                                                  
l.1 ...—è —Ä–∞–±–æ—Ç–∞ –ø–æ—Å–≤—è—â–µ–Ω–∞ –∏—Å—Å–ª
                                                  –µ–¥–æ–≤–∞–Ω–∏—é —Å—Ç–∞–±–...

You may provide a definition with
\DeclareUnicodeCharacter 


! LaTeX Error: Unicode character –µ (U+0435)
               not set up for use with LaTeX.

See the LaTeX manual or LaTeX Companion for explanation.
Type  H <return>  for immediate help.
 ...                                              
                                                  
l.1 ... —Ä–∞–±–æ—Ç–∞ –ø–æ—Å–≤—è—â–µ–Ω–∞ –∏—Å—Å–ª–µ
                                                  –¥–æ–≤–∞–Ω–∏—é —Å—Ç–∞–±–∏–...

You may provide a definition with
\DeclareUnicodeCharacter 


! LaTeX Error: Unicode character –¥ (U+0434)
               not set up for use with LaTeX.

See the LaTeX manual or LaTeX Companion for explanation.
Type  H <return>  for immediate help.
 ...                                              
                                                  
l.1 ...Ä–∞–±–æ—Ç–∞ –ø–æ—Å–≤—è—â–µ–Ω–∞ –∏—Å—Å–ª–µ–¥
                                                  –æ–≤–∞–Ω–∏—é —Å—Ç–∞–±–∏–ª—...

You may provide a definition with
\DeclareUnicodeCharacter 


! LaTeX Error: Unicode character –æ (U+043E)
               not set up for use with LaTeX.

See the LaTeX manual or LaTeX Companion for explanation.
Type  H <return>  for immediate help.
 ...                                              
                                                  
l.1 ...∞–±–æ—Ç–∞ –ø–æ—Å–≤—è—â–µ–Ω–∞ –∏—Å—Å–ª–µ–¥–æ
                                                  –≤–∞–Ω–∏—é —Å—Ç–∞–±–∏–ª—å–...

You may provide a definition with
\DeclareUnicodeCharacter 


! LaTeX Error: Unicode character –≤ (U+0432)
               not set up for use with LaTeX.

See the LaTeX manual or LaTeX Companion for explanation.
Type  H <return>  for immediate help.
 ...                                              
                                                  
l.1 ...±–æ—Ç–∞ –ø–æ—Å–≤—è—â–µ–Ω–∞ –∏—Å—Å–ª–µ–¥–æ–≤
                                                  –∞–Ω–∏—é —Å—Ç–∞–±–∏–ª—å–Ω–...

You may provide a definition with
\DeclareUnicodeCharacter 


! LaTeX Error: Unicode character –∞ (U+0430)
               not set up for use with LaTeX.

See the LaTeX manual or LaTeX Companion for explanation.
Type  H <return>  for immediate help.
 ...                                              
                                                  
l.1 ...æ—Ç–∞ –ø–æ—Å–≤—è—â–µ–Ω–∞ –∏—Å—Å–ª–µ–¥–æ–≤–∞
                                                  –Ω–∏—é —Å—Ç–∞–±–∏–ª—å–Ω–æ—...

You may provide a definition with
\DeclareUnicodeCharacter 


! LaTeX Error: Unicode character –Ω (U+043D)
               not set up for use with LaTeX.

See the LaTeX manual or LaTeX Companion for explanation.
Type  H <return>  for immediate help.
 ...                                              
                                                  
l.1 ...Ç–∞ –ø–æ—Å–≤—è—â–µ–Ω–∞ –∏—Å—Å–ª–µ–¥–æ–≤–∞–Ω
                                                  –∏—é —Å—Ç–∞–±–∏–ª—å–Ω–æ—Å—...

You may provide a definition with
\DeclareUnicodeCharacter 


! LaTeX Error: Unicode character –∏ (U+0438)
               not set up for use with LaTeX.

See the LaTeX manual or LaTeX Companion for explanation.
Type  H <return>  for immediate help.
 ...                                              
                                                  
l.1 ...∞ –ø–æ—Å–≤—è—â–µ–Ω–∞ –∏—Å—Å–ª–µ–¥–æ–≤–∞–Ω–∏
                                                  —é —Å—Ç–∞–±–∏–ª—å–Ω–æ—Å—Ç–...

You may provide a definition with
\DeclareUnicodeCharacter 


! LaTeX Error: Unicode character —é (U+044E)
               not set up for use with LaTeX.

See the LaTeX manual or LaTeX Companion for explanation.
Type  H <return>  for immediate help.
 ...                                              
                                                  
l.1 ...–ø–æ—Å–≤—è—â–µ–Ω–∞ –∏—Å—Å–ª–µ–¥–æ–≤–∞–Ω–∏—é
                                                   —Å—Ç–∞–±–∏–ª—å–Ω–æ—Å—Ç–∏ ...

You may provide a definition with
\DeclareUnicodeCharacter 


! LaTeX Error: Unicode character —Å (U+0441)
               not set up for use with LaTeX.

See the LaTeX manual or LaTeX Companion for explanation.
Type  H <return>  for immediate help.
 ...                                              
                                                  
l.1 ...æ—Å–≤—è—â–µ–Ω–∞ –∏—Å—Å–ª–µ–¥–æ–≤–∞–Ω–∏—é —Å
                                                  —Ç–∞–±–∏–ª—å–Ω–æ—Å—Ç–∏ –¥–...

You may provide a definition with
\DeclareUnicodeCharacter 


! LaTeX Error: Unicode character —Ç (U+0442)
               not set up for use with LaTeX.

See the LaTeX manual or LaTeX Companion for explanation.
Type  H <return>  for immediate help.
 ...                                              
                                                  
l.1 ...Å–≤—è—â–µ–Ω–∞ –∏—Å—Å–ª–µ–¥–æ–≤–∞–Ω–∏—é —Å—Ç
                                                  –∞–±–∏–ª—å–Ω–æ—Å—Ç–∏ –¥–∏–...

You may provide a definition with
\DeclareUnicodeCharacter 


! LaTeX Error: Unicode character –∞ (U+0430)
               not set up for use with LaTeX.

See the LaTeX manual or LaTeX Companion for explanation.
Type  H <return>  for immediate help.
 ...                                              
                                                  
l.1 ...≤—è—â–µ–Ω–∞ –∏—Å—Å–ª–µ–¥–æ–≤–∞–Ω–∏—é —Å—Ç–∞
                                                  –±–∏–ª—å–Ω–æ—Å—Ç–∏ –¥–∏–Ω–...

You may provide a definition with
\DeclareUnicodeCharacter 


! LaTeX Error: Unicode character –± (U+0431)
               not set up for use with LaTeX.

See the LaTeX manual or LaTeX Companion for explanation.
Type  H <return>  for immediate help.
 ...                                              
                                                  
l.1 ...è—â–µ–Ω–∞ –∏—Å—Å–ª–µ–¥–æ–≤–∞–Ω–∏—é —Å—Ç–∞–±
                                                  –∏–ª—å–Ω–æ—Å—Ç–∏ –¥–∏–Ω–∞–...

You may provide a definition with
\DeclareUnicodeCharacter 


! LaTeX Error: Unicode character –∏ (U+0438)
               not set up for use with LaTeX.

See the LaTeX manual or LaTeX Companion for explanation.
Type  H <return>  for immediate help.
 ...                                              
                                                  
l.1 ...â–µ–Ω–∞ –∏—Å—Å–ª–µ–¥–æ–≤–∞–Ω–∏—é —Å—Ç–∞–±–∏
                                                  –ª—å–Ω–æ—Å—Ç–∏ –¥–∏–Ω–∞–º–...

You may provide a definition with
\DeclareUnicodeCharacter 


! LaTeX Error: Unicode character –ª (U+043B)
               not set up for use with LaTeX.

See the LaTeX manual or LaTeX Companion for explanation.
Type  H <return>  for immediate help.
 ...                                              
                                                  
l.1 ...µ–Ω–∞ –∏—Å—Å–ª–µ–¥–æ–≤–∞–Ω–∏—é —Å—Ç–∞–±–∏–ª
                                                  —å–Ω–æ—Å—Ç–∏ –¥–∏–Ω–∞–º–∏–...

You may provide a definition with
\DeclareUnicodeCharacter 


! LaTeX Error: Unicode character —å (U+044C)
               not set up for use with LaTeX.

See the LaTeX manual or LaTeX Companion for explanation.
Type  H <return>  for immediate help.
 ...                                              
                                                  
l.1 ...Ω–∞ –∏—Å—Å–ª–µ–¥–æ–≤–∞–Ω–∏—é —Å—Ç–∞–±–∏–ª—å
                                                  –Ω–æ—Å—Ç–∏ –¥–∏–Ω–∞–º–∏–∫–...

You may provide a definition with
\DeclareUnicodeCharacter 


! LaTeX Error: Unicode character –Ω (U+043D)
               not set up for use with LaTeX.

See the LaTeX manual or LaTeX Companion for explanation.
Type  H <return>  for immediate help.
 ...                                              
                                                  
l.1 ...∞ –∏—Å—Å–ª–µ–¥–æ–≤–∞–Ω–∏—é —Å—Ç–∞–±–∏–ª—å–Ω
                                                  –æ—Å—Ç–∏ –¥–∏–Ω–∞–º–∏–∫–∏ ...

You may provide a definition with
\DeclareUnicodeCharacter 


! LaTeX Error: Unicode character –æ (U+043E)
               not set up for use with LaTeX.

See the LaTeX manual or LaTeX Companion for explanation.
Type  H <return>  for immediate help.
 ...                                              
                                                  
l.1 ...–∏—Å—Å–ª–µ–¥–æ–≤–∞–Ω–∏—é —Å—Ç–∞–±–∏–ª—å–Ω–æ
                                                  —Å—Ç–∏ –¥–∏–Ω–∞–º–∏–∫–∏ —Ç...

You may provide a definition with
\DeclareUnicodeCharacter 


! LaTeX Error: Unicode character —Å (U+0441)
               not set up for use with LaTeX.

See the LaTeX manual or LaTeX Companion for explanation.
Type  H <return>  for immediate help.
 ...                                              
                                                  
l.1 ...—Å—Å–ª–µ–¥–æ–≤–∞–Ω–∏—é —Å—Ç–∞–±–∏–ª—å–Ω–æ—Å
                                                  —Ç–∏ –¥–∏–Ω–∞–º–∏–∫–∏ —Ç—è...

You may provide a definition with
\DeclareUnicodeCharacter 


! LaTeX Error: Unicode character —Ç (U+0442)
               not set up for use with LaTeX.

See the LaTeX manual or LaTeX Companion for explanation.
Type  H <return>  for immediate help.
 ...                                              
                                                  
l.1 ...—Å–ª–µ–¥–æ–≤–∞–Ω–∏—é —Å—Ç–∞–±–∏–ª—å–Ω–æ—Å—Ç
                                                  –∏ –¥–∏–Ω–∞–º–∏–∫–∏ —Ç—è–∂...

You may provide a definition with
\DeclareUnicodeCharacter 


! LaTeX Error: Unicode character –∏ (U+0438)
               not set up for use with LaTeX.

See the LaTeX manual or LaTeX Companion for explanation.
Type  H <return>  for immediate help.
 ...                                              
                                                  
l.1 ...–ª–µ–¥–æ–≤–∞–Ω–∏—é —Å—Ç–∞–±–∏–ª—å–Ω–æ—Å—Ç–∏
                                                   –¥–∏–Ω–∞–º–∏–∫–∏ —Ç—è–∂–µ...

You may provide a definition with
\DeclareUnicodeCharacter 


! LaTeX Error: Unicode character –¥ (U+0434)
               not set up for use with LaTeX.

See the LaTeX manual or LaTeX Companion for explanation.
Type  H <return>  for immediate help.
 ...                                              
                                                  
l.1 ...µ–¥–æ–≤–∞–Ω–∏—é —Å—Ç–∞–±–∏–ª—å–Ω–æ—Å—Ç–∏ –¥
                                                  –∏–Ω–∞–º–∏–∫–∏ —Ç—è–∂–µ–ª—...

You may provide a definition with
\DeclareUnicodeCharacter 


! LaTeX Error: Unicode character –∏ (U+0438)
               not set up for use with LaTeX.

See the LaTeX manual or LaTeX Companion for explanation.
Type  H <return>  for immediate help.
 ...                                              
                                                  
l.1 ...¥–æ–≤–∞–Ω–∏—é —Å—Ç–∞–±–∏–ª—å–Ω–æ—Å—Ç–∏ –¥–∏
                                                  –Ω–∞–º–∏–∫–∏ —Ç—è–∂–µ–ª—ã—...

You may provide a definition with
\DeclareUnicodeCharacter 


! LaTeX Error: Unicode character –Ω (U+043D)
               not set up for use with LaTeX.

See the LaTeX manual or LaTeX Companion for explanation.
Type  H <return>  for immediate help.
 ...                                              
                                                  
l.1 ...æ–≤–∞–Ω–∏—é —Å—Ç–∞–±–∏–ª—å–Ω–æ—Å—Ç–∏ –¥–∏–Ω
                                                  –∞–º–∏–∫–∏ —Ç—è–∂–µ–ª—ã—Ö ...

You may provide a definition with
\DeclareUnicodeCharacter 


! LaTeX Error: Unicode character –∞ (U+0430)
               not set up for use with LaTeX.

See the LaTeX manual or LaTeX Companion for explanation.
Type  H <return>  for immediate help.
 ...                                              
                                                  
l.1 ...≤–∞–Ω–∏—é —Å—Ç–∞–±–∏–ª—å–Ω–æ—Å—Ç–∏ –¥–∏–Ω–∞
                                                  –º–∏–∫–∏ —Ç—è–∂–µ–ª—ã—Ö –∏...

You may provide a definition with
\DeclareUnicodeCharacter 


! LaTeX Error: Unicode character –º (U+043C)
               not set up for use with LaTeX.

See the LaTeX manual or LaTeX Companion for explanation.
Type  H <return>  for immediate help.
 ...                                              
                                                  
l.1 ...∞–Ω–∏—é —Å—Ç–∞–±–∏–ª—å–Ω–æ—Å—Ç–∏ –¥–∏–Ω–∞–º
                                                  –∏–∫–∏ —Ç—è–∂–µ–ª—ã—Ö –∏–æ...

You may provide a definition with
\DeclareUnicodeCharacter 


! LaTeX Error: Unicode character –∏ (U+0438)
               not set up for use with LaTeX.

See the LaTeX manual or LaTeX Companion for explanation.
Type  H <return>  for immediate help.
 ...                                              
                                                  
l.1 ...Ω–∏—é —Å—Ç–∞–±–∏–ª—å–Ω–æ—Å—Ç–∏ –¥–∏–Ω–∞–º–∏
                                                  –∫–∏ —Ç—è–∂–µ–ª—ã—Ö –∏–æ–Ω...

You may provide a definition with
\DeclareUnicodeCharacter 


! LaTeX Error: Unicode character –∫ (U+043A)
               not set up for use with LaTeX.

See the LaTeX manual or LaTeX Companion for explanation.
Type  H <return>  for immediate help.
 ...                                              
                                                  
l.1 ...∏—é —Å—Ç–∞–±–∏–ª—å–Ω–æ—Å—Ç–∏ –¥–∏–Ω–∞–º–∏–∫
                                                  –∏ —Ç—è–∂–µ–ª—ã—Ö –∏–æ–Ω–æ...

You may provide a definition with
\DeclareUnicodeCharacter 


! LaTeX Error: Unicode character –∏ (U+0438)
               not set up for use with LaTeX.

See the LaTeX manual or LaTeX Companion for explanation.
Type  H <return>  for immediate help.
 ...                                              
                                                  
l.1 ...é —Å—Ç–∞–±–∏–ª—å–Ω–æ—Å—Ç–∏ –¥–∏–Ω–∞–º–∏–∫–∏
                                                   —Ç—è–∂–µ–ª—ã—Ö –∏–æ–Ω–æ–≤...

You may provide a definition with
\DeclareUnicodeCharacter 


! LaTeX Error: Unicode character —Ç (U+0442)
               not set up for use with LaTeX.

See the LaTeX manual or LaTeX Companion for explanation.
Type  H <return>  for immediate help.
 ...                                              
                                                  
l.1 ...Å—Ç–∞–±–∏–ª—å–Ω–æ—Å—Ç–∏ –¥–∏–Ω–∞–º–∏–∫–∏ —Ç
                                                  —è–∂–µ–ª—ã—Ö –∏–æ–Ω–æ–≤, –...

You may provide a definition with
\DeclareUnicodeCharacter 


! LaTeX Error: Unicode character —è (U+044F)
               not set up for use with LaTeX.

See the LaTeX manual or LaTeX Companion for explanation.
Type  H <return>  for immediate help.
 ...                                              
                                                  
l.1 ...Ç–∞–±–∏–ª—å–Ω–æ—Å—Ç–∏ –¥–∏–Ω–∞–º–∏–∫–∏ —Ç—è
                                                  –∂–µ–ª—ã—Ö –∏–æ–Ω–æ–≤, –∞ ...

You may provide a definition with
\DeclareUnicodeCharacter 


! LaTeX Error: Unicode character –∂ (U+0436)
               not set up for use with LaTeX.

See the LaTeX manual or LaTeX Companion for explanation.
Type  H <return>  for immediate help.
 ...                                              
                                                  
l.1 ...∞–±–∏–ª—å–Ω–æ—Å—Ç–∏ –¥–∏–Ω–∞–º–∏–∫–∏ —Ç—è–∂
                                                  –µ–ª—ã—Ö –∏–æ–Ω–æ–≤, –∞ —Ç...

You may provide a definition with
\DeclareUnicodeCharacter 


! LaTeX Error: Unicode character –µ (U+0435)
               not set up for use with LaTeX.

See the LaTeX manual or LaTeX Companion for explanation.
Type  H <return>  for immediate help.
 ...                                              
                                                  
l.1 ...±–∏–ª—å–Ω–æ—Å—Ç–∏ –¥–∏–Ω–∞–º–∏–∫–∏ —Ç—è–∂–µ
                                                  –ª—ã—Ö –∏–æ–Ω–æ–≤, –∞ —Ç–∞...

You may provide a definition with
\DeclareUnicodeCharacter 


! LaTeX Error: Unicode character –ª (U+043B)
               not set up for use with LaTeX.

See the LaTeX manual or LaTeX Companion for explanation.
Type  H <return>  for immediate help.
 ...                                              
                                                  
l.1 ...∏–ª—å–Ω–æ—Å—Ç–∏ –¥–∏–Ω–∞–º–∏–∫–∏ —Ç—è–∂–µ–ª
                                                  —ã—Ö –∏–æ–Ω–æ–≤, –∞ —Ç–∞–∫...

You may provide a definition with
\DeclareUnicodeCharacter 


! LaTeX Error: Unicode character —ã (U+044B)
               not set up for use with LaTeX.

See the LaTeX manual or LaTeX Companion for explanation.
Type  H <return>  for immediate help.
 ...                                              
                                                  
l.1 ...ª—å–Ω–æ—Å—Ç–∏ –¥–∏–Ω–∞–º–∏–∫–∏ —Ç—è–∂–µ–ª—ã
                                                  —Ö –∏–æ–Ω–æ–≤, –∞ —Ç–∞–∫–∂...

You may provide a definition with
\DeclareUnicodeCharacter 


! LaTeX Error: Unicode character —Ö (U+0445)
               not set up for use with LaTeX.

See the LaTeX manual or LaTeX Companion for explanation.
Type  H <return>  for immediate help.
 ...                                              
                                                  
l.1 ...å–Ω–æ—Å—Ç–∏ –¥–∏–Ω–∞–º–∏–∫–∏ —Ç—è–∂–µ–ª—ã—Ö
                                                   –∏–æ–Ω–æ–≤, –∞ —Ç–∞–∫–∂–µ...

You may provide a definition with
\DeclareUnicodeCharacter 


! LaTeX Error: Unicode character –∏ (U+0438)
               not set up for use with LaTeX.

See the LaTeX manual or LaTeX Companion for explanation.
Type  H <return>  for immediate help.
 ...                                              
                                                  
l.1 ...–æ—Å—Ç–∏ –¥–∏–Ω–∞–º–∏–∫–∏ —Ç—è–∂–µ–ª—ã—Ö –∏
                                                  –æ–Ω–æ–≤, –∞ —Ç–∞–∫–∂–µ –ø...

You may provide a definition with
\DeclareUnicodeCharacter 


! LaTeX Error: Unicode character –æ (U+043E)
               not set up for use with LaTeX.

See the LaTeX manual or LaTeX Companion for explanation.
Type  H <return>  for immediate help.
 ...                                              
                                                  
l.1 ...—Å—Ç–∏ –¥–∏–Ω–∞–º–∏–∫–∏ —Ç—è–∂–µ–ª—ã—Ö –∏–æ
                                                  –Ω–æ–≤, –∞ —Ç–∞–∫–∂–µ –ø–æ...

You may provide a definition with
\DeclareUnicodeCharacter 


! LaTeX Error: Unicode character –Ω (U+043D)
               not set up for use with LaTeX.

See the LaTeX manual or LaTeX Companion for explanation.
Type  H <return>  for immediate help.
 ...                                              
                                                  
l.1 ...—Ç–∏ –¥–∏–Ω–∞–º–∏–∫–∏ —Ç—è–∂–µ–ª—ã—Ö –∏–æ–Ω
                                                  –æ–≤, –∞ —Ç–∞–∫–∂–µ –ø–æ–ª...

You may provide a definition with
\DeclareUnicodeCharacter 


! LaTeX Error: Unicode character –æ (U+043E)
               not set up for use with LaTeX.

See the LaTeX manual or LaTeX Companion for explanation.
Type  H <return>  for immediate help.
 ...                                              
                                                  
l.1 ...–∏ –¥–∏–Ω–∞–º–∏–∫–∏ —Ç—è–∂–µ–ª—ã—Ö –∏–æ–Ω–æ
                                                  –≤, –∞ —Ç–∞–∫–∂–µ –ø–æ–ª—è...

You may provide a definition with
\DeclareUnicodeCharacter 


! LaTeX Error: Unicode character –≤ (U+0432)
               not set up for use with LaTeX.

See the LaTeX manual or LaTeX Companion for explanation.
Type  H <return>  for immediate help.
 ...                                              
                                                  
l.1 ... –¥–∏–Ω–∞–º–∏–∫–∏ —Ç—è–∂–µ–ª—ã—Ö –∏–æ–Ω–æ–≤
                                                  , –∞ —Ç–∞–∫–∂–µ –ø–æ–ª—è—Ä...

You may provide a definition with
\DeclareUnicodeCharacter 


! LaTeX Error: Missing \begin{document}.

See the LaTeX manual or LaTeX Companion for explanation.
Type  H <return>  for immediate help.
 ...                                              
                                                  
l.1 ...–¥–∏–Ω–∞–º–∏–∫–∏ —Ç—è–∂–µ–ª—ã—Ö –∏–æ–Ω–æ–≤,
                                                   –∞ —Ç–∞–∫–∂–µ –ø–æ–ª—è—Ä–...

You're in trouble here.  Try typing  <return>  to proceed.
If that doesn't work, type  X <return>  to quit.

Missing character: There is no , in font nullfont!

! LaTeX Error: Unicode character –∞ (U+0430)
               not set up for use with LaTeX.

See the LaTeX manual or LaTeX Companion for explanation.
Type  H <return>  for immediate help.
 ...                                              
                                                  
l.1 ...∏–Ω–∞–º–∏–∫–∏ —Ç—è–∂–µ–ª—ã—Ö –∏–æ–Ω–æ–≤, –∞
                                                   —Ç–∞–∫–∂–µ –ø–æ–ª—è—Ä–∏–∑...

You may provide a definition with
\DeclareUnicodeCharacter 


! LaTeX Error: Unicode character —Ç (U+0442)
               not set up for use with LaTeX.

See the LaTeX manual or LaTeX Companion for explanation.
Type  H <return>  for immediate help.
 ...                                              
                                                  
l.1 ...–∞–º–∏–∫–∏ —Ç—è–∂–µ–ª—ã—Ö –∏–æ–Ω–æ–≤, –∞ —Ç
                                                  –∞–∫–∂–µ –ø–æ–ª—è—Ä–∏–∑–æ–...

You may provide a definition with
\DeclareUnicodeCharacter 


! LaTeX Error: Unicode character –∞ (U+0430)
               not set up for use with LaTeX.

See the LaTeX manual or LaTeX Companion for explanation.
Type  H <return>  for immediate help.
 ...                                              
                                                  
l.1 ...–º–∏–∫–∏ —Ç—è–∂–µ–ª—ã—Ö –∏–æ–Ω–æ–≤, –∞ —Ç–∞
                                                  –∫–∂–µ –ø–æ–ª—è—Ä–∏–∑–æ–≤–...

You may provide a definition with
\DeclareUnicodeCharacter 


! LaTeX Error: Unicode character –∫ (U+043A)
               not set up for use with LaTeX.

See the LaTeX manual or LaTeX Companion for explanation.
Type  H <return>  for immediate help.
 ...                                              
                                                  
l.1 ...–∏–∫–∏ —Ç—è–∂–µ–ª—ã—Ö –∏–æ–Ω–æ–≤, –∞ —Ç–∞–∫
                                                  –∂–µ –ø–æ–ª—è—Ä–∏–∑–æ–≤–∞–...

You may provide a definition with
\DeclareUnicodeCharacter 


! LaTeX Error: Unicode character –∂ (U+0436)
               not set up for use with LaTeX.

See the LaTeX manual or LaTeX Companion for explanation.
Type  H <return>  for immediate help.
 ...                                              
                                                  
l.1 ...–∫–∏ —Ç—è–∂–µ–ª—ã—Ö –∏–æ–Ω–æ–≤, –∞ —Ç–∞–∫–∂
                                                  –µ –ø–æ–ª—è—Ä–∏–∑–æ–≤–∞–Ω–...

You may provide a definition with
\DeclareUnicodeCharacter 


! LaTeX Error: Unicode character –µ (U+0435)
               not set up for use with LaTeX.

See the LaTeX manual or LaTeX Companion for explanation.
Type  H <return>  for immediate help.
 ...                                              
                                                  
l.1 ...–∏ —Ç—è–∂–µ–ª—ã—Ö –∏–æ–Ω–æ–≤, –∞ —Ç–∞–∫–∂–µ
                                                   –ø–æ–ª—è—Ä–∏–∑–æ–≤–∞–Ω–Ω—...

You may provide a definition with
\DeclareUnicodeCharacter 


! LaTeX Error: Unicode character –ø (U+043F)
               not set up for use with LaTeX.

See the LaTeX manual or LaTeX Companion for explanation.
Type  H <return>  for immediate help.
 ...                                              
                                                  
l.1 ...—Ç—è–∂–µ–ª—ã—Ö –∏–æ–Ω–æ–≤, –∞ —Ç–∞–∫–∂–µ –ø
                                                  –æ–ª—è—Ä–∏–∑–æ–≤–∞–Ω–Ω—ã—Ö...

You may provide a definition with
\DeclareUnicodeCharacter 


! LaTeX Error: Unicode character –æ (U+043E)
               not set up for use with LaTeX.

See the LaTeX manual or LaTeX Companion for explanation.
Type  H <return>  for immediate help.
 ...                                              
                                                  
l.1 ...—è–∂–µ–ª—ã—Ö –∏–æ–Ω–æ–≤, –∞ —Ç–∞–∫–∂–µ –ø–æ
                                                  –ª—è—Ä–∏–∑–æ–≤–∞–Ω–Ω—ã—Ö –...

You may provide a definition with
\DeclareUnicodeCharacter 


! LaTeX Error: Unicode character –ª (U+043B)
               not set up for use with LaTeX.

See the LaTeX manual or LaTeX Companion for explanation.
Type  H <return>  for immediate help.
 ...                                              
                                                  
l.1 ...–∂–µ–ª—ã—Ö –∏–æ–Ω–æ–≤, –∞ —Ç–∞–∫–∂–µ –ø–æ–ª
                                                  —è—Ä–∏–∑–æ–≤–∞–Ω–Ω—ã—Ö –ø—...

You may provide a definition with
\DeclareUnicodeCharacter 


! LaTeX Error: Unicode character —è (U+044F)
               not set up for use with LaTeX.

See the LaTeX manual or LaTeX Companion for explanation.
Type  H <return>  for immediate help.
 ...                                              
                                                  
l.1 ...–µ–ª—ã—Ö –∏–æ–Ω–æ–≤, –∞ —Ç–∞–∫–∂–µ –ø–æ–ª—è
                                                  —Ä–∏–∑–æ–≤–∞–Ω–Ω—ã—Ö –ø—É—...

You may provide a definition with
\DeclareUnicodeCharacter 


! LaTeX Error: Unicode character —Ä (U+0440)
               not set up for use with LaTeX.

See the LaTeX manual or LaTeX Companion for explanation.
Type  H <return>  for immediate help.
 ...                                              
                                                  
l.1 ...–ª—ã—Ö –∏–æ–Ω–æ–≤, –∞ —Ç–∞–∫–∂–µ –ø–æ–ª—è—Ä
                                                  –∏–∑–æ–≤–∞–Ω–Ω—ã—Ö –ø—É—á–...

You may provide a definition with
\DeclareUnicodeCharacter 


! LaTeX Error: Unicode character –∏ (U+0438)
               not set up for use with LaTeX.

See the LaTeX manual or LaTeX Companion for explanation.
Type  H <return>  for immediate help.
 ...                                              
                                                  
l.1 ...—ã—Ö –∏–æ–Ω–æ–≤, –∞ —Ç–∞–∫–∂–µ –ø–æ–ª—è—Ä–∏
                                                  –∑–æ–≤–∞–Ω–Ω—ã—Ö –ø—É—á–∫–...

You may provide a definition with
\DeclareUnicodeCharacter 


! LaTeX Error: Unicode character –∑ (U+0437)
               not set up for use with LaTeX.

See the LaTeX manual or LaTeX Companion for explanation.
Type  H <return>  for immediate help.
 ...                                              
                                                  
l.1 ...—Ö –∏–æ–Ω–æ–≤, –∞ —Ç–∞–∫–∂–µ –ø–æ–ª—è—Ä–∏–∑
                                                  –æ–≤–∞–Ω–Ω—ã—Ö –ø—É—á–∫–æ–...

You may provide a definition with
\DeclareUnicodeCharacter 


! LaTeX Error: Unicode character –æ (U+043E)
               not set up for use with LaTeX.

See the LaTeX manual or LaTeX Companion for explanation.
Type  H <return>  for immediate help.
 ...                                              
                                                  
l.1 ... –∏–æ–Ω–æ–≤, –∞ —Ç–∞–∫–∂–µ –ø–æ–ª—è—Ä–∏–∑–æ
                                                  –≤–∞–Ω–Ω—ã—Ö –ø—É—á–∫–æ–≤ ...

You may provide a definition with
\DeclareUnicodeCharacter 


! LaTeX Error: Unicode character –≤ (U+0432)
               not set up for use with LaTeX.

See the LaTeX manual or LaTeX Companion for explanation.
Type  H <return>  for immediate help.
 ...                                              
                                                  
l.1 ...∏–æ–Ω–æ–≤, –∞ —Ç–∞–∫–∂–µ –ø–æ–ª—è—Ä–∏–∑–æ–≤
                                                  –∞–Ω–Ω—ã—Ö –ø—É—á–∫–æ–≤ –≤...

You may provide a definition with
\DeclareUnicodeCharacter 


! LaTeX Error: Unicode character –∞ (U+0430)
               not set up for use with LaTeX.

See the LaTeX manual or LaTeX Companion for explanation.
Type  H <return>  for immediate help.
 ...                                              
                                                  
l.1 ...æ–Ω–æ–≤, –∞ —Ç–∞–∫–∂–µ –ø–æ–ª—è—Ä–∏–∑–æ–≤–∞
                                                  –Ω–Ω—ã—Ö –ø—É—á–∫–æ–≤ –≤ —...

You may provide a definition with
\DeclareUnicodeCharacter 


! LaTeX Error: Unicode character –Ω (U+043D)
               not set up for use with LaTeX.

See the LaTeX manual or LaTeX Companion for explanation.
Type  H <return>  for immediate help.
 ...                                              
                                                  
l.1 ...Ω–æ–≤, –∞ —Ç–∞–∫–∂–µ –ø–æ–ª—è—Ä–∏–∑–æ–≤–∞–Ω
                                                  –Ω—ã—Ö –ø—É—á–∫–æ–≤ –≤ —É—...

You may provide a definition with
\DeclareUnicodeCharacter 


! LaTeX Error: Unicode character –Ω (U+043D)
               not set up for use with LaTeX.

See the LaTeX manual or LaTeX Companion for explanation.
Type  H <return>  for immediate help.
 ...                                              
                                                  
l.1 ...æ–≤, –∞ —Ç–∞–∫–∂–µ –ø–æ–ª—è—Ä–∏–∑–æ–≤–∞–Ω–Ω
                                                  —ã—Ö –ø—É—á–∫–æ–≤ –≤ —É—Å–...

You may provide a definition with
\DeclareUnicodeCharacter 


! LaTeX Error: Unicode character —ã (U+044B)
               not set up for use with LaTeX.

See the LaTeX manual or LaTeX Companion for explanation.
Type  H <return>  for immediate help.
 ...                                              
                                                  
l.1 ...≤, –∞ —Ç–∞–∫–∂–µ –ø–æ–ª—è—Ä–∏–∑–æ–≤–∞–Ω–Ω—ã
                                                  —Ö –ø—É—á–∫–æ–≤ –≤ —É—Å–∫–...

You may provide a definition with
\DeclareUnicodeCharacter 


! LaTeX Error: Unicode character —Ö (U+0445)
               not set up for use with LaTeX.

See the LaTeX manual or LaTeX Companion for explanation.
Type  H <return>  for immediate help.
 ...                                              
                                                  
l.1 ... –∞ —Ç–∞–∫–∂–µ –ø–æ–ª—è—Ä–∏–∑–æ–≤–∞–Ω–Ω—ã—Ö
                                                   –ø—É—á–∫–æ–≤ –≤ —É—Å–∫–æ—...

You may provide a definition with
\DeclareUnicodeCharacter 


! LaTeX Error: Unicode character –ø (U+043F)
               not set up for use with LaTeX.

See the LaTeX manual or LaTeX Companion for explanation.
Type  H <return>  for immediate help.
 ...                                              
                                                  
l.1 ... —Ç–∞–∫–∂–µ –ø–æ–ª—è—Ä–∏–∑–æ–≤–∞–Ω–Ω—ã—Ö –ø
                                                  —É—á–∫–æ–≤ –≤ —É—Å–∫–æ—Ä–∏...

You may provide a definition with
\DeclareUnicodeCharacter 


! LaTeX Error: Unicode character —É (U+0443)
               not set up for use with LaTeX.

See the LaTeX manual or LaTeX Companion for explanation.
Type  H <return>  for immediate help.
 ...                                              
                                                  
l.1 ...Ç–∞–∫–∂–µ –ø–æ–ª—è—Ä–∏–∑–æ–≤–∞–Ω–Ω—ã—Ö –ø—É
                                                  —á–∫–æ–≤ –≤ —É—Å–∫–æ—Ä–∏—Ç...

You may provide a definition with
\DeclareUnicodeCharacter 


! LaTeX Error: Unicode character —á (U+0447)
               not set up for use with LaTeX.

See the LaTeX manual or LaTeX Companion for explanation.
Type  H <return>  for immediate help.
 ...                                              
                                                  
l.1 ...∞–∫–∂–µ –ø–æ–ª—è—Ä–∏–∑–æ–≤–∞–Ω–Ω—ã—Ö –ø—É—á
                                                  –∫–æ–≤ –≤ —É—Å–∫–æ—Ä–∏—Ç–µ...

You may provide a definition with
\DeclareUnicodeCharacter 


! LaTeX Error: Unicode character –∫ (U+043A)
               not set up for use with LaTeX.

See the LaTeX manual or LaTeX Companion for explanation.
Type  H <return>  for immediate help.
 ...                                              
                                                  
l.1 ...∫–∂–µ –ø–æ–ª—è—Ä–∏–∑–æ–≤–∞–Ω–Ω—ã—Ö –ø—É—á–∫
                                                  –æ–≤ –≤ —É—Å–∫–æ—Ä–∏—Ç–µ–ª...

You may provide a definition with
\DeclareUnicodeCharacter 


! LaTeX Error: Unicode character –æ (U+043E)
               not set up for use with LaTeX.

See the LaTeX manual or LaTeX Companion for explanation.
Type  H <return>  for immediate help.
 ...                                              
                                                  
l.1 ...∂–µ –ø–æ–ª—è—Ä–∏–∑–æ–≤–∞–Ω–Ω—ã—Ö –ø—É—á–∫–æ
                                                  –≤ –≤ —É—Å–∫–æ—Ä–∏—Ç–µ–ª—è...

You may provide a definition with
\DeclareUnicodeCharacter 


! LaTeX Error: Unicode character –≤ (U+0432)
               not set up for use with LaTeX.

See the LaTeX manual or LaTeX Companion for explanation.
Type  H <return>  for immediate help.
 ...                                              
                                                  
l.1 ...µ –ø–æ–ª—è—Ä–∏–∑–æ–≤–∞–Ω–Ω—ã—Ö –ø—É—á–∫–æ–≤
                                                   –≤ —É—Å–∫–æ—Ä–∏—Ç–µ–ª—è—Ö...

You may provide a definition with
\DeclareUnicodeCharacter 


! LaTeX Error: Unicode character –≤ (U+0432)
               not set up for use with LaTeX.

See the LaTeX manual or LaTeX Companion for explanation.
Type  H <return>  for immediate help.
 ...                                              
                                                  
l.1 ...ø–æ–ª—è—Ä–∏–∑–æ–≤–∞–Ω–Ω—ã—Ö –ø—É—á–∫–æ–≤ –≤
                                                   —É—Å–∫–æ—Ä–∏—Ç–µ–ª—è—Ö –∏...

You may provide a definition with
\DeclareUnicodeCharacter 


! LaTeX Error: Unicode character —É (U+0443)
               not set up for use with LaTeX.

See the LaTeX manual or LaTeX Companion for explanation.
Type  H <return>  for immediate help.
 ...                                              
                                                  
l.1 ...–ª—è—Ä–∏–∑–æ–≤–∞–Ω–Ω—ã—Ö –ø—É—á–∫–æ–≤ –≤ —É
                                                  —Å–∫–æ—Ä–∏—Ç–µ–ª—è—Ö –∏ –Ω...

You may provide a definition with
\DeclareUnicodeCharacter 


! LaTeX Error: Unicode character —Å (U+0441)
               not set up for use with LaTeX.

See the LaTeX manual or LaTeX Companion for explanation.
Type  H <return>  for immediate help.
 ...                                              
                                                  
l.1 ...—è—Ä–∏–∑–æ–≤–∞–Ω–Ω—ã—Ö –ø—É—á–∫–æ–≤ –≤ —É—Å
                                                  –∫–æ—Ä–∏—Ç–µ–ª—è—Ö –∏ –Ω–∞...

You may provide a definition with
\DeclareUnicodeCharacter 


! LaTeX Error: Unicode character –∫ (U+043A)
               not set up for use with LaTeX.

See the LaTeX manual or LaTeX Companion for explanation.
Type  H <return>  for immediate help.
 ...                                              
                                                  
l.1 ...—Ä–∏–∑–æ–≤–∞–Ω–Ω—ã—Ö –ø—É—á–∫–æ–≤ –≤ —É—Å–∫
                                                  –æ—Ä–∏—Ç–µ–ª—è—Ö –∏ –Ω–∞–∫...

You may provide a definition with
\DeclareUnicodeCharacter 


! LaTeX Error: Unicode character –æ (U+043E)
               not set up for use with LaTeX.

See the LaTeX manual or LaTeX Companion for explanation.
Type  H <return>  for immediate help.
 ...                                              
                                                  
l.1 ...–∏–∑–æ–≤–∞–Ω–Ω—ã—Ö –ø—É—á–∫–æ–≤ –≤ —É—Å–∫–æ
                                                  —Ä–∏—Ç–µ–ª—è—Ö –∏ –Ω–∞–∫–æ...

You may provide a definition with
\DeclareUnicodeCharacter 


! LaTeX Error: Unicode character —Ä (U+0440)
               not set up for use with LaTeX.

See the LaTeX manual or LaTeX Companion for explanation.
Type  H <return>  for immediate help.
 ...                                              
                                                  
l.1 ...–∑–æ–≤–∞–Ω–Ω—ã—Ö –ø—É—á–∫–æ–≤ –≤ —É—Å–∫–æ—Ä
                                                  –∏—Ç–µ–ª—è—Ö –∏ –Ω–∞–∫–æ–ø...

You may provide a definition with
\DeclareUnicodeCharacter 


! LaTeX Error: Unicode character –∏ (U+0438)
               not set up for use with LaTeX.

See the LaTeX manual or LaTeX Companion for explanation.
Type  H <return>  for immediate help.
 ...                                              
                                                  
l.1 ...–æ–≤–∞–Ω–Ω—ã—Ö –ø—É—á–∫–æ–≤ –≤ —É—Å–∫–æ—Ä–∏
                                                  —Ç–µ–ª—è—Ö –∏ –Ω–∞–∫–æ–ø–∏...

You may provide a definition with
\DeclareUnicodeCharacter 


! LaTeX Error: Unicode character —Ç (U+0442)
               not set up for use with LaTeX.

See the LaTeX manual or LaTeX Companion for explanation.
Type  H <return>  for immediate help.
 ...                                              
                                                  
l.1 ...–≤–∞–Ω–Ω—ã—Ö –ø—É—á–∫–æ–≤ –≤ —É—Å–∫–æ—Ä–∏—Ç
                                                  –µ–ª—è—Ö –∏ –Ω–∞–∫–æ–ø–∏—Ç...

You may provide a definition with
\DeclareUnicodeCharacter 


! LaTeX Error: Unicode character –µ (U+0435)
               not set up for use with LaTeX.

See the LaTeX manual or LaTeX Companion for explanation.
Type  H <return>  for immediate help.
 ...                                              
                                                  
l.1 ...–∞–Ω–Ω—ã—Ö –ø—É—á–∫–æ–≤ –≤ —É—Å–∫–æ—Ä–∏—Ç–µ
                                                  –ª—è—Ö –∏ –Ω–∞–∫–æ–ø–∏—Ç–µ...

You may provide a definition with
\DeclareUnicodeCharacter 


! LaTeX Error: Unicode character –ª (U+043B)
               not set up for use with LaTeX.

See the LaTeX manual or LaTeX Companion for explanation.
Type  H <return>  for immediate help.
 ...                                              
                                                  
l.1 ...–Ω–Ω—ã—Ö –ø—É—á–∫–æ–≤ –≤ —É—Å–∫–æ—Ä–∏—Ç–µ–ª
                                                  —è—Ö –∏ –Ω–∞–∫–æ–ø–∏—Ç–µ–ª...

You may provide a definition with
\DeclareUnicodeCharacter 


! LaTeX Error: Unicode character —è (U+044F)
               not set up for use with LaTeX.

See the LaTeX manual or LaTeX Companion for explanation.
Type  H <return>  for immediate help.
 ...                                              
                                                  
l.1 ...–Ω—ã—Ö –ø—É—á–∫–æ–≤ –≤ —É—Å–∫–æ—Ä–∏—Ç–µ–ª—è
                                                  —Ö –∏ –Ω–∞–∫–æ–ø–∏—Ç–µ–ª—è...

You may provide a definition with
\DeclareUnicodeCharacter 


! LaTeX Error: Unicode character —Ö (U+0445)
               not set up for use with LaTeX.

See the LaTeX manual or LaTeX Companion for explanation.
Type  H <return>  for immediate help.
 ...                                              
                                                  
l.1 ...—ã—Ö –ø—É—á–∫–æ–≤ –≤ —É—Å–∫–æ—Ä–∏—Ç–µ–ª—è—Ö
                                                   –∏ –Ω–∞–∫–æ–ø–∏—Ç–µ–ª—è—Ö...

You may provide a definition with
\DeclareUnicodeCharacter 


! LaTeX Error: Unicode character –∏ (U+0438)
               not set up for use with LaTeX.

See the LaTeX manual or LaTeX Companion for explanation.
Type  H <return>  for immediate help.
 ...                                              
                                                  
l.1 ...Ö –ø—É—á–∫–æ–≤ –≤ —É—Å–∫–æ—Ä–∏—Ç–µ–ª—è—Ö –∏
                                                   –Ω–∞–∫–æ–ø–∏—Ç–µ–ª—è—Ö. –...

You may provide a definition with
\DeclareUnicodeCharacter 


! LaTeX Error: Unicode character –Ω (U+043D)
               not set up for use with LaTeX.

See the LaTeX manual or LaTeX Companion for explanation.
Type  H <return>  for immediate help.
 ...                                              
                                                  
l.1 ...ø—É—á–∫–æ–≤ –≤ —É—Å–∫–æ—Ä–∏—Ç–µ–ª—è—Ö –∏ –Ω
                                                  –∞–∫–æ–ø–∏—Ç–µ–ª—è—Ö. –¢–∞...

You may provide a definition with
\DeclareUnicodeCharacter 


! LaTeX Error: Unicode character –∞ (U+0430)
               not set up for use with LaTeX.

See the LaTeX manual or LaTeX Companion for explanation.
Type  H <return>  for immediate help.
 ...                                              
                                                  
l.1 ...É—á–∫–æ–≤ –≤ —É—Å–∫–æ—Ä–∏—Ç–µ–ª—è—Ö –∏ –Ω–∞
                                                  –∫–æ–ø–∏—Ç–µ–ª—è—Ö. –¢–∞–∫...

You may provide a definition with
\DeclareUnicodeCharacter 


! LaTeX Error: Unicode character –∫ (U+043A)
               not set up for use with LaTeX.

See the LaTeX manual or LaTeX Companion for explanation.
Type  H <return>  for immediate help.
 ...                                              
                                                  
l.1 ...á–∫–æ–≤ –≤ —É—Å–∫–æ—Ä–∏—Ç–µ–ª—è—Ö –∏ –Ω–∞–∫
                                                  –æ–ø–∏—Ç–µ–ª—è—Ö. –¢–∞–∫–∂...

You may provide a definition with
\DeclareUnicodeCharacter 


! LaTeX Error: Unicode character –æ (U+043E)
               not set up for use with LaTeX.

See the LaTeX manual or LaTeX Companion for explanation.
Type  H <return>  for immediate help.
 ...                                              
                                                  
l.1 ...∫–æ–≤ –≤ —É—Å–∫–æ—Ä–∏—Ç–µ–ª—è—Ö –∏ –Ω–∞–∫–æ
                                                  –ø–∏—Ç–µ–ª—è—Ö. –¢–∞–∫–∂–µ...

You may provide a definition with
\DeclareUnicodeCharacter 


! LaTeX Error: Unicode character –ø (U+043F)
               not set up for use with LaTeX.

See the LaTeX manual or LaTeX Companion for explanation.
Type  H <return>  for immediate help.
 ...                                              
                                                  
l.1 ...æ–≤ –≤ —É—Å–∫–æ—Ä–∏—Ç–µ–ª—è—Ö –∏ –Ω–∞–∫–æ–ø
                                                  –∏—Ç–µ–ª—è—Ö. –¢–∞–∫–∂–µ –...

You may provide a definition with
\DeclareUnicodeCharacter 


! LaTeX Error: Unicode character –∏ (U+0438)
               not set up for use with LaTeX.

See the LaTeX manual or LaTeX Companion for explanation.
Type  H <return>  for immediate help.
 ...                                              
                                                  
l.1 ...≤ –≤ —É—Å–∫–æ—Ä–∏—Ç–µ–ª—è—Ö –∏ –Ω–∞–∫–æ–ø–∏
                                                  —Ç–µ–ª—è—Ö. –¢–∞–∫–∂–µ –±—...

You may provide a definition with
\DeclareUnicodeCharacter 


! LaTeX Error: Unicode character —Ç (U+0442)
               not set up for use with LaTeX.

See the LaTeX manual or LaTeX Companion for explanation.
Type  H <return>  for immediate help.
 ...                                              
                                                  
l.1 ...–≤ —É—Å–∫–æ—Ä–∏—Ç–µ–ª—è—Ö –∏ –Ω–∞–∫–æ–ø–∏—Ç
                                                  –µ–ª—è—Ö. –¢–∞–∫–∂–µ –±—É–...

You may provide a definition with
\DeclareUnicodeCharacter 


! LaTeX Error: Unicode character –µ (U+0435)
               not set up for use with LaTeX.

See the LaTeX manual or LaTeX Companion for explanation.
Type  H <return>  for immediate help.
 ...                                              
                                                  
l.1 ... —É—Å–∫–æ—Ä–∏—Ç–µ–ª—è—Ö –∏ –Ω–∞–∫–æ–ø–∏—Ç–µ
                                                  –ª—è—Ö. –¢–∞–∫–∂–µ –±—É–¥—...

You may provide a definition with
\DeclareUnicodeCharacter 


! LaTeX Error: Unicode character –ª (U+043B)
               not set up for use with LaTeX.

See the LaTeX manual or LaTeX Companion for explanation.
Type  H <return>  for immediate help.
 ...                                              
                                                  
l.1 ...É—Å–∫–æ—Ä–∏—Ç–µ–ª—è—Ö –∏ –Ω–∞–∫–æ–ø–∏—Ç–µ–ª
                                                  —è—Ö. –¢–∞–∫–∂–µ –±—É–¥—É—...

You may provide a definition with
\DeclareUnicodeCharacter 


! LaTeX Error: Unicode character —è (U+044F)
               not set up for use with LaTeX.

See the LaTeX manual or LaTeX Companion for explanation.
Type  H <return>  for immediate help.
 ...                                              
                                                  
l.1 ...Å–∫–æ—Ä–∏—Ç–µ–ª—è—Ö –∏ –Ω–∞–∫–æ–ø–∏—Ç–µ–ª—è
                                                  —Ö. –¢–∞–∫–∂–µ –±—É–¥—É—Ç ...

You may provide a definition with
\DeclareUnicodeCharacter 


! LaTeX Error: Unicode character —Ö (U+0445)
               not set up for use with LaTeX.

See the LaTeX manual or LaTeX Companion for explanation.
Type  H <return>  for immediate help.
 ...                                              
                                                  
l.1 ...∫–æ—Ä–∏—Ç–µ–ª—è—Ö –∏ –Ω–∞–∫–æ–ø–∏—Ç–µ–ª—è—Ö
                                                  . –¢–∞–∫–∂–µ –±—É–¥—É—Ç —Ä...

You may provide a definition with
\DeclareUnicodeCharacter 

Missing character: There is no . in font nullfont!

! LaTeX Error: Unicode character –¢ (U+0422)
               not set up for use with LaTeX.

See the LaTeX manual or LaTeX Companion for explanation.
Type  H <return>  for immediate help.
 ...                                              
                                                  
l.1 ...Ä–∏—Ç–µ–ª—è—Ö –∏ –Ω–∞–∫–æ–ø–∏—Ç–µ–ª—è—Ö. –¢
                                                  –∞–∫–∂–µ –±—É–¥—É—Ç —Ä–∞–∑...

You may provide a definition with
\DeclareUnicodeCharacter 


! LaTeX Error: Unicode character –∞ (U+0430)
               not set up for use with LaTeX.

See the LaTeX manual or LaTeX Companion for explanation.
Type  H <return>  for immediate help.
 ...                                              
                                                  
l.1 ...∏—Ç–µ–ª—è—Ö –∏ –Ω–∞–∫–æ–ø–∏—Ç–µ–ª—è—Ö. –¢–∞
                                                  –∫–∂–µ –±—É–¥—É—Ç —Ä–∞–∑–æ...

You may provide a definition with
\DeclareUnicodeCharacter 


! LaTeX Error: Unicode character –∫ (U+043A)
               not set up for use with LaTeX.

See the LaTeX manual or LaTeX Companion for explanation.
Type  H <return>  for immediate help.
 ...                                              
                                                  
l.1 ...Ç–µ–ª—è—Ö –∏ –Ω–∞–∫–æ–ø–∏—Ç–µ–ª—è—Ö. –¢–∞–∫
                                                  –∂–µ –±—É–¥—É—Ç —Ä–∞–∑–æ–±...

You may provide a definition with
\DeclareUnicodeCharacter 


! LaTeX Error: Unicode character –∂ (U+0436)
               not set up for use with LaTeX.

See the LaTeX manual or LaTeX Companion for explanation.
Type  H <return>  for immediate help.
 ...                                              
                                                  
l.1 ...µ–ª—è—Ö –∏ –Ω–∞–∫–æ–ø–∏—Ç–µ–ª—è—Ö. –¢–∞–∫–∂
                                                  –µ –±—É–¥—É—Ç —Ä–∞–∑–æ–±—Ä...

You may provide a definition with
\DeclareUnicodeCharacter 


! LaTeX Error: Unicode character –µ (U+0435)
               not set up for use with LaTeX.

See the LaTeX manual or LaTeX Companion for explanation.
Type  H <return>  for immediate help.
 ...                                              
                                                  
l.1 ...ª—è—Ö –∏ –Ω–∞–∫–æ–ø–∏—Ç–µ–ª—è—Ö. –¢–∞–∫–∂–µ
                                                   –±—É–¥—É—Ç —Ä–∞–∑–æ–±—Ä–∞...

You may provide a definition with
\DeclareUnicodeCharacter 


! LaTeX Error: Unicode character –± (U+0431)
               not set up for use with LaTeX.

See the LaTeX manual or LaTeX Companion for explanation.
Type  H <return>  for immediate help.
 ...                                              
                                                  
l.1 ...—Ö –∏ –Ω–∞–∫–æ–ø–∏—Ç–µ–ª—è—Ö. –¢–∞–∫–∂–µ –±
                                                  —É–¥—É—Ç —Ä–∞–∑–æ–±—Ä–∞–Ω—...

You may provide a definition with
\DeclareUnicodeCharacter 


! LaTeX Error: Unicode character —É (U+0443)
               not set up for use with LaTeX.

See the LaTeX manual or LaTeX Companion for explanation.
Type  H <return>  for immediate help.
 ...                                              
                                                  
l.1 ... –∏ –Ω–∞–∫–æ–ø–∏—Ç–µ–ª—è—Ö. –¢–∞–∫–∂–µ –±—É
                                                  –¥—É—Ç —Ä–∞–∑–æ–±—Ä–∞–Ω—ã ...

You may provide a definition with
\DeclareUnicodeCharacter 


! LaTeX Error: Unicode character –¥ (U+0434)
               not set up for use with LaTeX.

See the LaTeX manual or LaTeX Companion for explanation.
Type  H <return>  for immediate help.
 ...                                              
                                                  
l.1 ...∏ –Ω–∞–∫–æ–ø–∏—Ç–µ–ª—è—Ö. –¢–∞–∫–∂–µ –±—É–¥
                                                  —É—Ç —Ä–∞–∑–æ–±—Ä–∞–Ω—ã –≤...

You may provide a definition with
\DeclareUnicodeCharacter 


! LaTeX Error: Unicode character —É (U+0443)
               not set up for use with LaTeX.

See the LaTeX manual or LaTeX Companion for explanation.
Type  H <return>  for immediate help.
 ...                                              
                                                  
l.1 ...–Ω–∞–∫–æ–ø–∏—Ç–µ–ª—è—Ö. –¢–∞–∫–∂–µ –±—É–¥—É
                                                  —Ç —Ä–∞–∑–æ–±—Ä–∞–Ω—ã –≤–æ...

You may provide a definition with
\DeclareUnicodeCharacter 


! LaTeX Error: Unicode character —Ç (U+0442)
               not set up for use with LaTeX.

See the LaTeX manual or LaTeX Companion for explanation.
Type  H <return>  for immediate help.
 ...                                              
                                                  
l.1 ...–∞–∫–æ–ø–∏—Ç–µ–ª—è—Ö. –¢–∞–∫–∂–µ –±—É–¥—É—Ç
                                                   —Ä–∞–∑–æ–±—Ä–∞–Ω—ã –≤–æ–ø...

You may provide a definition with
\DeclareUnicodeCharacter 


! LaTeX Error: Unicode character —Ä (U+0440)
               not set up for use with LaTeX.

See the LaTeX manual or LaTeX Companion for explanation.
Type  H <return>  for immediate help.
 ...                                              
                                                  
l.1 ...∫–æ–ø–∏—Ç–µ–ª—è—Ö. –¢–∞–∫–∂–µ –±—É–¥—É—Ç —Ä
                                                  –∞–∑–æ–±—Ä–∞–Ω—ã –≤–æ–ø—Ä–...

You may provide a definition with
\DeclareUnicodeCharacter 


! LaTeX Error: Unicode character –∞ (U+0430)
               not set up for use with LaTeX.

See the LaTeX manual or LaTeX Companion for explanation.
Type  H <return>  for immediate help.
 ...                                              
                                                  
l.1 ...æ–ø–∏—Ç–µ–ª—è—Ö. –¢–∞–∫–∂–µ –±—É–¥—É—Ç —Ä–∞
                                                  –∑–æ–±—Ä–∞–Ω—ã –≤–æ–ø—Ä–æ—...

You may provide a definition with
\DeclareUnicodeCharacter 


! LaTeX Error: Unicode character –∑ (U+0437)
               not set up for use with LaTeX.

See the LaTeX manual or LaTeX Companion for explanation.
Type  H <return>  for immediate help.
 ...                                              
                                                  
l.1 ...ø–∏—Ç–µ–ª—è—Ö. –¢–∞–∫–∂–µ –±—É–¥—É—Ç —Ä–∞–∑
                                                  –æ–±—Ä–∞–Ω—ã –≤–æ–ø—Ä–æ—Å—...

You may provide a definition with
\DeclareUnicodeCharacter 


! LaTeX Error: Unicode character –æ (U+043E)
               not set up for use with LaTeX.

See the LaTeX manual or LaTeX Companion for explanation.
Type  H <return>  for immediate help.
 ...                                              
                                                  
l.1 ...∏—Ç–µ–ª—è—Ö. –¢–∞–∫–∂–µ –±—É–¥—É—Ç —Ä–∞–∑–æ
                                                  –±—Ä–∞–Ω—ã –≤–æ–ø—Ä–æ—Å—ã ...

You may provide a definition with
\DeclareUnicodeCharacter 


! LaTeX Error: Unicode character –± (U+0431)
               not set up for use with LaTeX.

See the LaTeX manual or LaTeX Companion for explanation.
Type  H <return>  for immediate help.
 ...                                              
                                                  
l.1 ...Ç–µ–ª—è—Ö. –¢–∞–∫–∂–µ –±—É–¥—É—Ç —Ä–∞–∑–æ–±
                                                  —Ä–∞–Ω—ã –≤–æ–ø—Ä–æ—Å—ã –ø...

You may provide a definition with
\DeclareUnicodeCharacter 


! LaTeX Error: Unicode character —Ä (U+0440)
               not set up for use with LaTeX.

See the LaTeX manual or LaTeX Companion for explanation.
Type  H <return>  for immediate help.
 ...                                              
                                                  
l.1 ...µ–ª—è—Ö. –¢–∞–∫–∂–µ –±—É–¥—É—Ç —Ä–∞–∑–æ–±—Ä
                                                  –∞–Ω—ã –≤–æ–ø—Ä–æ—Å—ã –ø—Ä...

You may provide a definition with
\DeclareUnicodeCharacter 


! LaTeX Error: Unicode character –∞ (U+0430)
               not set up for use with LaTeX.

See the LaTeX manual or LaTeX Companion for explanation.
Type  H <return>  for immediate help.
 ...                                              
                                                  
l.1 ...ª—è—Ö. –¢–∞–∫–∂–µ –±—É–¥—É—Ç —Ä–∞–∑–æ–±—Ä–∞
                                                  –Ω—ã –≤–æ–ø—Ä–æ—Å—ã –ø—Ä–æ...

You may provide a definition with
\DeclareUnicodeCharacter 


! LaTeX Error: Unicode character –Ω (U+043D)
               not set up for use with LaTeX.

See the LaTeX manual or LaTeX Companion for explanation.
Type  H <return>  for immediate help.
 ...                                              
                                                  
l.1 ...è—Ö. –¢–∞–∫–∂–µ –±—É–¥—É—Ç —Ä–∞–∑–æ–±—Ä–∞–Ω
                                                  —ã –≤–æ–ø—Ä–æ—Å—ã –ø—Ä–æ–µ...

You may provide a definition with
\DeclareUnicodeCharacter 


! LaTeX Error: Unicode character —ã (U+044B)
               not set up for use with LaTeX.

See the LaTeX manual or LaTeX Companion for explanation.
Type  H <return>  for immediate help.
 ...                                              
                                                  
l.1 ...Ö. –¢–∞–∫–∂–µ –±—É–¥—É—Ç —Ä–∞–∑–æ–±—Ä–∞–Ω—ã
                                                   –≤–æ–ø—Ä–æ—Å—ã –ø—Ä–æ–µ–∫...

You may provide a definition with
\DeclareUnicodeCharacter 


! LaTeX Error: Unicode character –≤ (U+0432)
               not set up for use with LaTeX.

See the LaTeX manual or LaTeX Companion for explanation.
Type  H <return>  for immediate help.
 ...                                              
                                                  
l.1 ...–¢–∞–∫–∂–µ –±—É–¥—É—Ç —Ä–∞–∑–æ–±—Ä–∞–Ω—ã –≤
                                                  –æ–ø—Ä–æ—Å—ã –ø—Ä–æ–µ–∫—Ç–...

You may provide a definition with
\DeclareUnicodeCharacter 


! LaTeX Error: Unicode character –æ (U+043E)
               not set up for use with LaTeX.

See the LaTeX manual or LaTeX Companion for explanation.
Type  H <return>  for immediate help.
 ...                                              
                                                  
l.1 ...–∞–∫–∂–µ –±—É–¥—É—Ç —Ä–∞–∑–æ–±—Ä–∞–Ω—ã –≤–æ
                                                  –ø—Ä–æ—Å—ã –ø—Ä–æ–µ–∫—Ç–∏—...

You may provide a definition with
\DeclareUnicodeCharacter 


! LaTeX Error: Unicode character –ø (U+043F)
               not set up for use with LaTeX.

See the LaTeX manual or LaTeX Companion for explanation.
Type  H <return>  for immediate help.
 ...                                              
                                                  
l.1 ...–∫–∂–µ –±—É–¥—É—Ç —Ä–∞–∑–æ–±—Ä–∞–Ω—ã –≤–æ–ø
                                                  —Ä–æ—Å—ã –ø—Ä–æ–µ–∫—Ç–∏—Ä–...

You may provide a definition with
\DeclareUnicodeCharacter 


! LaTeX Error: Unicode character —Ä (U+0440)
               not set up for use with LaTeX.

See the LaTeX manual or LaTeX Companion for explanation.
Type  H <return>  for immediate help.
 ...                                              
                                                  
l.1 ...–∂–µ –±—É–¥—É—Ç —Ä–∞–∑–æ–±—Ä–∞–Ω—ã –≤–æ–ø—Ä
                                                  –æ—Å—ã –ø—Ä–æ–µ–∫—Ç–∏—Ä–æ–...

You may provide a definition with
\DeclareUnicodeCharacter 


! LaTeX Error: Unicode character –æ (U+043E)
               not set up for use with LaTeX.

See the LaTeX manual or LaTeX Companion for explanation.
Type  H <return>  for immediate help.
 ...                                              
                                                  
l.1 ...–µ –±—É–¥—É—Ç —Ä–∞–∑–æ–±—Ä–∞–Ω—ã –≤–æ–ø—Ä–æ
                                                  —Å—ã –ø—Ä–æ–µ–∫—Ç–∏—Ä–æ–≤–...

You may provide a definition with
\DeclareUnicodeCharacter 


! LaTeX Error: Unicode character —Å (U+0441)
               not set up for use with LaTeX.

See the LaTeX manual or LaTeX Companion for explanation.
Type  H <return>  for immediate help.
 ...                                              
                                                  
l.1 ... –±—É–¥—É—Ç —Ä–∞–∑–æ–±—Ä–∞–Ω—ã –≤–æ–ø—Ä–æ—Å
                                                  —ã –ø—Ä–æ–µ–∫—Ç–∏—Ä–æ–≤–∞–...

You may provide a definition with
\DeclareUnicodeCharacter 


! LaTeX Error: Unicode character —ã (U+044B)
               not set up for use with LaTeX.

See the LaTeX manual or LaTeX Companion for explanation.
Type  H <return>  for immediate help.
 ...                                              
                                                  
l.1 ...±—É–¥—É—Ç —Ä–∞–∑–æ–±—Ä–∞–Ω—ã –≤–æ–ø—Ä–æ—Å—ã
                                                   –ø—Ä–æ–µ–∫—Ç–∏—Ä–æ–≤–∞–Ω–...

You may provide a definition with
\DeclareUnicodeCharacter 


! LaTeX Error: Unicode character –ø (U+043F)
               not set up for use with LaTeX.

See the LaTeX manual or LaTeX Companion for explanation.
Type  H <return>  for immediate help.
 ...                                              
                                                  
l.1 ...–¥—É—Ç —Ä–∞–∑–æ–±—Ä–∞–Ω—ã –≤–æ–ø—Ä–æ—Å—ã –ø
                                                  —Ä–æ–µ–∫—Ç–∏—Ä–æ–≤–∞–Ω–∏—è...

You may provide a definition with
\DeclareUnicodeCharacter 


! LaTeX Error: Unicode character —Ä (U+0440)
               not set up for use with LaTeX.

See the LaTeX manual or LaTeX Companion for explanation.
Type  H <return>  for immediate help.
 ...                                              
                                                  
l.1 ...—É—Ç —Ä–∞–∑–æ–±—Ä–∞–Ω—ã –≤–æ–ø—Ä–æ—Å—ã –ø—Ä
                                                  –æ–µ–∫—Ç–∏—Ä–æ–≤–∞–Ω–∏—è —...

You may provide a definition with
\DeclareUnicodeCharacter 


! LaTeX Error: Unicode character –æ (U+043E)
               not set up for use with LaTeX.

See the LaTeX manual or LaTeX Companion for explanation.
Type  H <return>  for immediate help.
 ...                                              
                                                  
l.1 ...—Ç —Ä–∞–∑–æ–±—Ä–∞–Ω—ã –≤–æ–ø—Ä–æ—Å—ã –ø—Ä–æ
                                                  –µ–∫—Ç–∏—Ä–æ–≤–∞–Ω–∏—è —Å–...

You may provide a definition with
\DeclareUnicodeCharacter 


! LaTeX Error: Unicode character –µ (U+0435)
               not set up for use with LaTeX.

See the LaTeX manual or LaTeX Companion for explanation.
Type  H <return>  for immediate help.
 ...                                              
                                                  
l.1 ... —Ä–∞–∑–æ–±—Ä–∞–Ω—ã –≤–æ–ø—Ä–æ—Å—ã –ø—Ä–æ–µ
                                                  –∫—Ç–∏—Ä–æ–≤–∞–Ω–∏—è —Å–æ–...

You may provide a definition with
\DeclareUnicodeCharacter 


! LaTeX Error: Unicode character –∫ (U+043A)
               not set up for use with LaTeX.

See the LaTeX manual or LaTeX Companion for explanation.
Type  H <return>  for immediate help.
 ...                                              
                                                  
l.1 ...Ä–∞–∑–æ–±—Ä–∞–Ω—ã –≤–æ–ø—Ä–æ—Å—ã –ø—Ä–æ–µ–∫
                                                  —Ç–∏—Ä–æ–≤–∞–Ω–∏—è —Å–æ–≤—...

You may provide a definition with
\DeclareUnicodeCharacter 


! LaTeX Error: Unicode character —Ç (U+0442)
               not set up for use with LaTeX.

See the LaTeX manual or LaTeX Companion for explanation.
Type  H <return>  for immediate help.
 ...                                              
                                                  
l.1 ...∞–∑–æ–±—Ä–∞–Ω—ã –≤–æ–ø—Ä–æ—Å—ã –ø—Ä–æ–µ–∫—Ç
                                                  –∏—Ä–æ–≤–∞–Ω–∏—è —Å–æ–≤—Ä–...

You may provide a definition with
\DeclareUnicodeCharacter 


! LaTeX Error: Unicode character –∏ (U+0438)
               not set up for use with LaTeX.

See the LaTeX manual or LaTeX Companion for explanation.
Type  H <return>  for immediate help.
 ...                                              
                                                  
l.1 ...∑–æ–±—Ä–∞–Ω—ã –≤–æ–ø—Ä–æ—Å—ã –ø—Ä–æ–µ–∫—Ç–∏
                                                  —Ä–æ–≤–∞–Ω–∏—è —Å–æ–≤—Ä–µ–...

You may provide a definition with
\DeclareUnicodeCharacter 


! LaTeX Error: Unicode character —Ä (U+0440)
               not set up for use with LaTeX.

See the LaTeX manual or LaTeX Companion for explanation.
Type  H <return>  for immediate help.
 ...                                              
                                                  
l.1 ...æ–±—Ä–∞–Ω—ã –≤–æ–ø—Ä–æ—Å—ã –ø—Ä–æ–µ–∫—Ç–∏—Ä
                                                  –æ–≤–∞–Ω–∏—è —Å–æ–≤—Ä–µ–º–...

You may provide a definition with
\DeclareUnicodeCharacter 


! LaTeX Error: Unicode character –æ (U+043E)
               not set up for use with LaTeX.

See the LaTeX manual or LaTeX Companion for explanation.
Type  H <return>  for immediate help.
 ...                                              
                                                  
l.1 ...±—Ä–∞–Ω—ã –≤–æ–ø—Ä–æ—Å—ã –ø—Ä–æ–µ–∫—Ç–∏—Ä–æ
                                                  –≤–∞–Ω–∏—è —Å–æ–≤—Ä–µ–º–µ–...

You may provide a definition with
\DeclareUnicodeCharacter 


! LaTeX Error: Unicode character –≤ (U+0432)
               not set up for use with LaTeX.

See the LaTeX manual or LaTeX Companion for explanation.
Type  H <return>  for immediate help.
 ...                                              
                                                  
l.1 ...Ä–∞–Ω—ã –≤–æ–ø—Ä–æ—Å—ã –ø—Ä–æ–µ–∫—Ç–∏—Ä–æ–≤
                                                  –∞–Ω–∏—è —Å–æ–≤—Ä–µ–º–µ–Ω–...

You may provide a definition with
\DeclareUnicodeCharacter 


! LaTeX Error: Unicode character –∞ (U+0430)
               not set up for use with LaTeX.

See the LaTeX manual or LaTeX Companion for explanation.
Type  H <return>  for immediate help.
 ...                                              
                                                  
l.1 ...∞–Ω—ã –≤–æ–ø—Ä–æ—Å—ã –ø—Ä–æ–µ–∫—Ç–∏—Ä–æ–≤–∞
                                                  –Ω–∏—è —Å–æ–≤—Ä–µ–º–µ–Ω–Ω—...

You may provide a definition with
\DeclareUnicodeCharacter 


! LaTeX Error: Unicode character –Ω (U+043D)
               not set up for use with LaTeX.

See the LaTeX manual or LaTeX Companion for explanation.
Type  H <return>  for immediate help.
 ...                                              
                                                  
l.1 ...Ω—ã –≤–æ–ø—Ä–æ—Å—ã –ø—Ä–æ–µ–∫—Ç–∏—Ä–æ–≤–∞–Ω
                                                  –∏—è —Å–æ–≤—Ä–µ–º–µ–Ω–Ω—ã—...

You may provide a definition with
\DeclareUnicodeCharacter 


! LaTeX Error: Unicode character –∏ (U+0438)
               not set up for use with LaTeX.

See the LaTeX manual or LaTeX Companion for explanation.
Type  H <return>  for immediate help.
 ...                                              
                                                  
l.1 ...ã –≤–æ–ø—Ä–æ—Å—ã –ø—Ä–æ–µ–∫—Ç–∏—Ä–æ–≤–∞–Ω–∏
                                                  —è —Å–æ–≤—Ä–µ–º–µ–Ω–Ω—ã—Ö ...

You may provide a definition with
\DeclareUnicodeCharacter 


! LaTeX Error: Unicode character —è (U+044F)
               not set up for use with LaTeX.

See the LaTeX manual or LaTeX Companion for explanation.
Type  H <return>  for immediate help.
 ...                                              
                                                  
l.1 ...–≤–æ–ø—Ä–æ—Å—ã –ø—Ä–æ–µ–∫—Ç–∏—Ä–æ–≤–∞–Ω–∏—è
                                                   —Å–æ–≤—Ä–µ–º–µ–Ω–Ω—ã—Ö —É...

You may provide a definition with
\DeclareUnicodeCharacter 


! LaTeX Error: Unicode character —Å (U+0441)
               not set up for use with LaTeX.

See the LaTeX manual or LaTeX Companion for explanation.
Type  H <return>  for immediate help.
 ...                                              
                                                  
l.1 ...æ–ø—Ä–æ—Å—ã –ø—Ä–æ–µ–∫—Ç–∏—Ä–æ–≤–∞–Ω–∏—è —Å
                                                  –æ–≤—Ä–µ–º–µ–Ω–Ω—ã—Ö —É—Å–...

You may provide a definition with
\DeclareUnicodeCharacter 


! LaTeX Error: Unicode character –æ (U+043E)
               not set up for use with LaTeX.

See the LaTeX manual or LaTeX Companion for explanation.
Type  H <return>  for immediate help.
 ...                                              
                                                  
l.1 ...ø—Ä–æ—Å—ã –ø—Ä–æ–µ–∫—Ç–∏—Ä–æ–≤–∞–Ω–∏—è —Å–æ
                                                  –≤—Ä–µ–º–µ–Ω–Ω—ã—Ö —É—Å–∫–...

You may provide a definition with
\DeclareUnicodeCharacter 


! LaTeX Error: Unicode character –≤ (U+0432)
               not set up for use with LaTeX.

See the LaTeX manual or LaTeX Companion for explanation.
Type  H <return>  for immediate help.
 ...                                              
                                                  
l.1 ...Ä–æ—Å—ã –ø—Ä–æ–µ–∫—Ç–∏—Ä–æ–≤–∞–Ω–∏—è —Å–æ–≤
                                                  —Ä–µ–º–µ–Ω–Ω—ã—Ö —É—Å–∫–æ—...

You may provide a definition with
\DeclareUnicodeCharacter 


! LaTeX Error: Unicode character —Ä (U+0440)
               not set up for use with LaTeX.

See the LaTeX manual or LaTeX Companion for explanation.
Type  H <return>  for immediate help.
 ...                                              
                                                  
l.1 ...æ—Å—ã –ø—Ä–æ–µ–∫—Ç–∏—Ä–æ–≤–∞–Ω–∏—è —Å–æ–≤—Ä
                                                  –µ–º–µ–Ω–Ω—ã—Ö —É—Å–∫–æ—Ä–...

You may provide a definition with
\DeclareUnicodeCharacter 


! LaTeX Error: Unicode character –µ (U+0435)
               not set up for use with LaTeX.

See the LaTeX manual or LaTeX Companion for explanation.
Type  H <return>  for immediate help.
 ...                                              
                                                  
l.1 ...Å—ã –ø—Ä–æ–µ–∫—Ç–∏—Ä–æ–≤–∞–Ω–∏—è —Å–æ–≤—Ä–µ
                                                  –º–µ–Ω–Ω—ã—Ö —É—Å–∫–æ—Ä–∏—...

You may provide a definition with
\DeclareUnicodeCharacter 


! LaTeX Error: Unicode character –º (U+043C)
               not set up for use with LaTeX.

See the LaTeX manual or LaTeX Companion for explanation.
Type  H <return>  for immediate help.
 ...                                              
                                                  
l.1 ...ã –ø—Ä–æ–µ–∫—Ç–∏—Ä–æ–≤–∞–Ω–∏—è —Å–æ–≤—Ä–µ–º
                                                  –µ–Ω–Ω—ã—Ö —É—Å–∫–æ—Ä–∏—Ç–...

You may provide a definition with
\DeclareUnicodeCharacter 


! LaTeX Error: Unicode character –µ (U+0435)
               not set up for use with LaTeX.

See the LaTeX manual or LaTeX Companion for explanation.
Type  H <return>  for immediate help.
 ...                                              
                                                  
l.1 ...–ø—Ä–æ–µ–∫—Ç–∏—Ä–æ–≤–∞–Ω–∏—è —Å–æ–≤—Ä–µ–º–µ
                                                  –Ω–Ω—ã—Ö —É—Å–∫–æ—Ä–∏—Ç–µ–...

You may provide a definition with
\DeclareUnicodeCharacter 


! LaTeX Error: Unicode character –Ω (U+043D)
               not set up for use with LaTeX.

See the LaTeX manual or LaTeX Companion for explanation.
Type  H <return>  for immediate help.
 ...                                              
                                                  
l.1 ...—Ä–æ–µ–∫—Ç–∏—Ä–æ–≤–∞–Ω–∏—è —Å–æ–≤—Ä–µ–º–µ–Ω
                                                  –Ω—ã—Ö —É—Å–∫–æ—Ä–∏—Ç–µ–ª—...

You may provide a definition with
\DeclareUnicodeCharacter 


! LaTeX Error: Unicode character –Ω (U+043D)
               not set up for use with LaTeX.

See the LaTeX manual or LaTeX Companion for explanation.
Type  H <return>  for immediate help.
 ...                                              
                                                  
l.1 ...–æ–µ–∫—Ç–∏—Ä–æ–≤–∞–Ω–∏—è —Å–æ–≤—Ä–µ–º–µ–Ω–Ω
                                                  —ã—Ö —É—Å–∫–æ—Ä–∏—Ç–µ–ª—å–...
(That makes 100 errors; please try again.) 
Here is how much of TeX's memory you used:
 42 strings out of 473200
 690 string characters out of 5720278
 391991 words of memory out of 5000000
 23393 multiletter control sequences out of 15000+600000
 558837 words of font info for 36 fonts, out of 8000000 for 9000
 1141 hyphenation exceptions out of 8191
 15i,0n,18p,461b,14s stack positions out of 10000i,1000n,20000p,200000b,200000s

!  ==> Fatal error occurred, no output PDF file produced!
