This is pdfTeX, Version 3.14159265-2.6-1.40.20 (TeX Live 2019) (preloaded format=pdflatex 2019.5.15)  10 DEC 2023 13:26
entering extended mode
 restricted \write18 enabled.
 file:line:error style messages enabled.
 %&-line parsing enabled.
**letters.tex
(./letters.tex
LaTeX2e <2018-12-01>
(/usr/local/texlive/2019/texmf-dist/tex/luatex/luaotfload/luaotfload.sty
(/usr/local/texlive/2019/texmf-dist/tex/latex/base/ltluatex.tex
File: ltluatex.tex 2018/10/21 v1.1i LuaTeX support for plain TeX (core) 

/usr/local/texlive/2019/texmf-dist/tex/latex/base/ltluatex.tex:55: Undefined co
ntrol sequence.
l.55 \ifnum\luatexversion
                         <60 %
? 
/usr/local/texlive/2019/texmf-dist/tex/latex/base/ltluatex.tex:55: Emergency st
op.
l.55 \ifnum\luatexversion
                         <60 %
End of file on the terminal!

 
Here is how much of TeX's memory you used:
 16 strings out of 492616
 517 string characters out of 6129481
 57124 words of memory out of 5000000
 4028 multiletter control sequences out of 15000+600000
 3640 words of font info for 14 fonts, out of 8000000 for 9000
 1141 hyphenation exceptions out of 8191
 6i,0n,3p,126b,22s stack positions out of 5000i,500n,10000p,200000b,80000s
/usr/local/texlive/2019/texmf-dist/tex/latex/base/ltluatex.tex:55:  ==> Fatal e
rror occurred, no output PDF file produced!
